[0.647s] Invoking command in '/home/saeed/work1/colcon_ws/build/my_first_pkg': PYTHONPATH=/home/saeed/work1/colcon_ws/build/my_first_pkg/prefix_override:/usr/lib/python3/dist-packages/colcon_core/task/python/colcon_distutils_commands:/home/saeed/work1/colcon_ws/install/my_first_pkg/lib/python3.10/site-packages:${PYTHONPATH} /usr/bin/python3 -W ignore:setup.py install is deprecated -W ignore:easy_install command is deprecated setup.py develop --editable --build-directory /home/saeed/work1/colcon_ws/build/my_first_pkg/build --no-deps symlink_data
[0.904s] running develop
[1.094s] running egg_info
[1.094s] creating my_first_pkg.egg-info
[1.094s] writing my_first_pkg.egg-info/PKG-INFO
[1.094s] writing dependency_links to my_first_pkg.egg-info/dependency_links.txt
[1.094s] writing entry points to my_first_pkg.egg-info/entry_points.txt
[1.094s] writing requirements to my_first_pkg.egg-info/requires.txt
[1.094s] writing top-level names to my_first_pkg.egg-info/top_level.txt
[1.094s] writing manifest file 'my_first_pkg.egg-info/SOURCES.txt'
[1.096s] reading manifest file 'my_first_pkg.egg-info/SOURCES.txt'
[1.096s] writing manifest file 'my_first_pkg.egg-info/SOURCES.txt'
[1.132s] running build_ext
[1.132s] Creating /home/saeed/work1/colcon_ws/install/my_first_pkg/lib/python3.10/site-packages/my-first-pkg.egg-link (link to .)
[1.133s] 
[1.133s] Installed /home/saeed/work1/colcon_ws/build/my_first_pkg
[1.133s] running symlink_data
[1.133s] creating /home/saeed/work1/colcon_ws/install/my_first_pkg/share/ament_index
[1.133s] creating /home/saeed/work1/colcon_ws/install/my_first_pkg/share/ament_index/resource_index
[1.133s] creating /home/saeed/work1/colcon_ws/install/my_first_pkg/share/ament_index/resource_index/packages
[1.133s] symbolically linking /home/saeed/work1/colcon_ws/build/my_first_pkg/resource/my_first_pkg -> /home/saeed/work1/colcon_ws/install/my_first_pkg/share/ament_index/resource_index/packages
[1.133s] symbolically linking /home/saeed/work1/colcon_ws/build/my_first_pkg/package.xml -> /home/saeed/work1/colcon_ws/install/my_first_pkg/share/my_first_pkg
[1.157s] Invoked command in '/home/saeed/work1/colcon_ws/build/my_first_pkg' returned '0': PYTHONPATH=/home/saeed/work1/colcon_ws/build/my_first_pkg/prefix_override:/usr/lib/python3/dist-packages/colcon_core/task/python/colcon_distutils_commands:/home/saeed/work1/colcon_ws/install/my_first_pkg/lib/python3.10/site-packages:${PYTHONPATH} /usr/bin/python3 -W ignore:setup.py install is deprecated -W ignore:easy_install command is deprecated setup.py develop --editable --build-directory /home/saeed/work1/colcon_ws/build/my_first_pkg/build --no-deps symlink_data
