[0.204s] DEBUG:colcon:Command line arguments: ['/usr/bin/colcon', 'build', '--symlink-install']
[0.204s] DEBUG:colcon:Parsed command line arguments: Namespace(log_base=None, log_level=None, verb_name='build', build_base='build', install_base='install', merge_install=False, symlink_install=True, test_result_base=None, continue_on_error=False, executor='parallel', parallel_workers=12, event_handlers=None, ignore_user_meta=False, metas=['./colcon.meta'], base_paths=['.'], packages_ignore=None, packages_ignore_regex=None, paths=None, packages_up_to=None, packages_up_to_regex=None, packages_above=None, packages_above_and_dependencies=None, packages_above_depth=None, packages_select_by_dep=None, packages_skip_by_dep=None, packages_skip_up_to=None, packages_select_build_failed=False, packages_skip_build_finished=False, packages_select_test_failures=False, packages_skip_test_passed=False, packages_select=None, packages_skip=None, packages_select_regex=None, packages_skip_regex=None, packages_start=None, packages_end=None, allow_overriding=[], cmake_args=None, cmake_target=None, cmake_target_skip_unavailable=False, cmake_clean_cache=False, cmake_clean_first=False, cmake_force_configure=False, ament_cmake_args=None, catkin_cmake_args=None, catkin_skip_building_tests=False, mixin_files=None, mixin=None, verb_parser=<colcon_mixin.mixin.mixin_argument.MixinArgumentDecorator object at 0x79044271ebc0>, verb_extension=<colcon_core.verb.build.BuildVerb object at 0x7904426dc5e0>, main=<bound method BuildVerb.main of <colcon_core.verb.build.BuildVerb object at 0x7904426dc5e0>>, mixin_verb=('build',))
[0.493s] Level 1:colcon.colcon_core.package_discovery:discover_packages(colcon_meta) check parameters
[0.494s] Level 1:colcon.colcon_core.package_discovery:discover_packages(recursive) check parameters
[0.494s] Level 1:colcon.colcon_core.package_discovery:discover_packages(ignore) check parameters
[0.494s] Level 1:colcon.colcon_core.package_discovery:discover_packages(path) check parameters
[0.494s] Level 1:colcon.colcon_core.package_discovery:discover_packages(colcon_meta) discover
[0.494s] Level 1:colcon.colcon_core.package_discovery:discover_packages(recursive) discover
[0.494s] INFO:colcon.colcon_core.package_discovery:Crawling recursively for packages in '/home/saeed/work1/colcon_ws'
[0.494s] Level 1:colcon.colcon_core.package_identification:_identify(.) by extensions ['ignore', 'ignore_ament_install']
[0.494s] Level 1:colcon.colcon_core.package_identification:_identify(.) by extension 'ignore'
[0.494s] Level 1:colcon.colcon_core.package_identification:_identify(.) by extension 'ignore_ament_install'
[0.494s] Level 1:colcon.colcon_core.package_identification:_identify(.) by extensions ['colcon_pkg']
[0.494s] Level 1:colcon.colcon_core.package_identification:_identify(.) by extension 'colcon_pkg'
[0.494s] Level 1:colcon.colcon_core.package_identification:_identify(.) by extensions ['colcon_meta']
[0.494s] Level 1:colcon.colcon_core.package_identification:_identify(.) by extension 'colcon_meta'
[0.494s] Level 1:colcon.colcon_core.package_identification:_identify(.) by extensions ['ros']
[0.494s] Level 1:colcon.colcon_core.package_identification:_identify(.) by extension 'ros'
[0.516s] Level 1:colcon.colcon_core.package_identification:_identify(.) by extensions ['cmake', 'python']
[0.516s] Level 1:colcon.colcon_core.package_identification:_identify(.) by extension 'cmake'
[0.516s] Level 1:colcon.colcon_core.package_identification:_identify(.) by extension 'python'
[0.516s] Level 1:colcon.colcon_core.package_identification:_identify(.) by extensions ['python_setup_py']
[0.516s] Level 1:colcon.colcon_core.package_identification:_identify(.) by extension 'python_setup_py'
[0.516s] Level 1:colcon.colcon_core.package_identification:_identify(build) by extensions ['ignore', 'ignore_ament_install']
[0.517s] Level 1:colcon.colcon_core.package_identification:_identify(build) by extension 'ignore'
[0.517s] Level 1:colcon.colcon_core.package_identification:_identify(build) ignored
[0.517s] Level 1:colcon.colcon_core.package_identification:_identify(install) by extensions ['ignore', 'ignore_ament_install']
[0.517s] Level 1:colcon.colcon_core.package_identification:_identify(install) by extension 'ignore'
[0.517s] Level 1:colcon.colcon_core.package_identification:_identify(install) ignored
[0.517s] Level 1:colcon.colcon_core.package_identification:_identify(log) by extensions ['ignore', 'ignore_ament_install']
[0.517s] Level 1:colcon.colcon_core.package_identification:_identify(log) by extension 'ignore'
[0.517s] Level 1:colcon.colcon_core.package_identification:_identify(log) ignored
[0.517s] Level 1:colcon.colcon_core.package_identification:_identify(src) by extensions ['ignore', 'ignore_ament_install']
[0.518s] Level 1:colcon.colcon_core.package_identification:_identify(src) by extension 'ignore'
[0.518s] Level 1:colcon.colcon_core.package_identification:_identify(src) by extension 'ignore_ament_install'
[0.518s] Level 1:colcon.colcon_core.package_identification:_identify(src) by extensions ['colcon_pkg']
[0.518s] Level 1:colcon.colcon_core.package_identification:_identify(src) by extension 'colcon_pkg'
[0.518s] Level 1:colcon.colcon_core.package_identification:_identify(src) by extensions ['colcon_meta']
[0.518s] Level 1:colcon.colcon_core.package_identification:_identify(src) by extension 'colcon_meta'
[0.518s] Level 1:colcon.colcon_core.package_identification:_identify(src) by extensions ['ros']
[0.518s] Level 1:colcon.colcon_core.package_identification:_identify(src) by extension 'ros'
[0.518s] Level 1:colcon.colcon_core.package_identification:_identify(src) by extensions ['cmake', 'python']
[0.518s] Level 1:colcon.colcon_core.package_identification:_identify(src) by extension 'cmake'
[0.518s] Level 1:colcon.colcon_core.package_identification:_identify(src) by extension 'python'
[0.518s] Level 1:colcon.colcon_core.package_identification:_identify(src) by extensions ['python_setup_py']
[0.518s] Level 1:colcon.colcon_core.package_identification:_identify(src) by extension 'python_setup_py'
[0.518s] Level 1:colcon.colcon_core.package_identification:_identify(src/my_first_pkg) by extensions ['ignore', 'ignore_ament_install']
[0.518s] Level 1:colcon.colcon_core.package_identification:_identify(src/my_first_pkg) by extension 'ignore'
[0.519s] Level 1:colcon.colcon_core.package_identification:_identify(src/my_first_pkg) by extension 'ignore_ament_install'
[0.519s] Level 1:colcon.colcon_core.package_identification:_identify(src/my_first_pkg) by extensions ['colcon_pkg']
[0.519s] Level 1:colcon.colcon_core.package_identification:_identify(src/my_first_pkg) by extension 'colcon_pkg'
[0.519s] Level 1:colcon.colcon_core.package_identification:_identify(src/my_first_pkg) by extensions ['colcon_meta']
[0.519s] Level 1:colcon.colcon_core.package_identification:_identify(src/my_first_pkg) by extension 'colcon_meta'
[0.519s] Level 1:colcon.colcon_core.package_identification:_identify(src/my_first_pkg) by extensions ['ros']
[0.519s] Level 1:colcon.colcon_core.package_identification:_identify(src/my_first_pkg) by extension 'ros'
[0.521s] DEBUG:colcon.colcon_core.package_identification:Package 'src/my_first_pkg' with type 'ros.ament_python' and name 'my_first_pkg'
[0.521s] Level 1:colcon.colcon_core.package_discovery:discover_packages(recursive) using defaults
[0.522s] Level 1:colcon.colcon_core.package_discovery:discover_packages(ignore) discover
[0.522s] Level 1:colcon.colcon_core.package_discovery:discover_packages(ignore) using defaults
[0.522s] Level 1:colcon.colcon_core.package_discovery:discover_packages(path) discover
[0.522s] Level 1:colcon.colcon_core.package_discovery:discover_packages(path) using defaults
[0.545s] Level 1:colcon.colcon_core.package_discovery:discover_packages(prefix_path) check parameters
[0.545s] Level 1:colcon.colcon_core.package_discovery:discover_packages(prefix_path) discover
[0.548s] DEBUG:colcon.colcon_installed_package_information.package_discovery:Found 1 installed packages in /home/saeed/work1/colcon_ws/install
[0.548s] DEBUG:colcon.colcon_installed_package_information.package_discovery:Found 2 installed packages in /home/saeed/colcon_ws/install
[0.550s] DEBUG:colcon.colcon_installed_package_information.package_discovery:Found 356 installed packages in /opt/ros/humble
[0.552s] Level 1:colcon.colcon_core.package_discovery:discover_packages(prefix_path) using defaults
[0.591s] Level 5:colcon.colcon_core.verb:set package 'my_first_pkg' build argument 'cmake_args' from command line to 'None'
[0.591s] Level 5:colcon.colcon_core.verb:set package 'my_first_pkg' build argument 'cmake_target' from command line to 'None'
[0.591s] Level 5:colcon.colcon_core.verb:set package 'my_first_pkg' build argument 'cmake_target_skip_unavailable' from command line to 'False'
[0.591s] Level 5:colcon.colcon_core.verb:set package 'my_first_pkg' build argument 'cmake_clean_cache' from command line to 'False'
[0.591s] Level 5:colcon.colcon_core.verb:set package 'my_first_pkg' build argument 'cmake_clean_first' from command line to 'False'
[0.591s] Level 5:colcon.colcon_core.verb:set package 'my_first_pkg' build argument 'cmake_force_configure' from command line to 'False'
[0.591s] Level 5:colcon.colcon_core.verb:set package 'my_first_pkg' build argument 'ament_cmake_args' from command line to 'None'
[0.591s] Level 5:colcon.colcon_core.verb:set package 'my_first_pkg' build argument 'catkin_cmake_args' from command line to 'None'
[0.591s] Level 5:colcon.colcon_core.verb:set package 'my_first_pkg' build argument 'catkin_skip_building_tests' from command line to 'False'
[0.591s] DEBUG:colcon.colcon_core.verb:Building package 'my_first_pkg' with the following arguments: {'ament_cmake_args': None, 'build_base': '/home/saeed/work1/colcon_ws/build/my_first_pkg', 'catkin_cmake_args': None, 'catkin_skip_building_tests': False, 'cmake_args': None, 'cmake_clean_cache': False, 'cmake_clean_first': False, 'cmake_force_configure': False, 'cmake_target': None, 'cmake_target_skip_unavailable': False, 'install_base': '/home/saeed/work1/colcon_ws/install/my_first_pkg', 'merge_install': False, 'path': '/home/saeed/work1/colcon_ws/src/my_first_pkg', 'symlink_install': True, 'test_result_base': None}
[0.591s] INFO:colcon.colcon_core.executor:Executing jobs using 'parallel' executor
[0.592s] DEBUG:colcon.colcon_parallel_executor.executor.parallel:run_until_complete
[0.592s] INFO:colcon.colcon_ros.task.ament_python.build:Building ROS package in '/home/saeed/work1/colcon_ws/src/my_first_pkg' with build type 'ament_python'
[0.593s] Level 1:colcon.colcon_core.shell:create_environment_hook('my_first_pkg', 'ament_prefix_path')
[0.595s] INFO:colcon.colcon_core.plugin_system:Skipping extension 'colcon_core.shell.bat': Not used on non-Windows systems
[0.595s] INFO:colcon.colcon_core.shell:Creating environment hook '/home/saeed/work1/colcon_ws/install/my_first_pkg/share/my_first_pkg/hook/ament_prefix_path.ps1'
[0.596s] INFO:colcon.colcon_core.shell:Creating environment descriptor '/home/saeed/work1/colcon_ws/install/my_first_pkg/share/my_first_pkg/hook/ament_prefix_path.dsv'
[0.596s] INFO:colcon.colcon_core.shell:Creating environment hook '/home/saeed/work1/colcon_ws/install/my_first_pkg/share/my_first_pkg/hook/ament_prefix_path.sh'
[0.597s] INFO:colcon.colcon_core.shell:Skip shell extension 'powershell' for command environment: Not usable outside of PowerShell
[0.597s] DEBUG:colcon.colcon_core.shell:Skip shell extension 'dsv' for command environment
[0.904s] INFO:colcon.colcon_core.task.python.build:Building Python package in '/home/saeed/work1/colcon_ws/src/my_first_pkg'
[0.905s] INFO:colcon.colcon_core.shell:Skip shell extension 'powershell' for command environment: Not usable outside of PowerShell
[0.905s] DEBUG:colcon.colcon_core.shell:Skip shell extension 'dsv' for command environment
[1.380s] DEBUG:colcon.colcon_core.event_handler.log_command:Invoking command in '/home/saeed/work1/colcon_ws/build/my_first_pkg': PYTHONPATH=/home/saeed/work1/colcon_ws/build/my_first_pkg/prefix_override:/usr/lib/python3/dist-packages/colcon_core/task/python/colcon_distutils_commands:/home/saeed/work1/colcon_ws/install/my_first_pkg/lib/python3.10/site-packages:${PYTHONPATH} /usr/bin/python3 -W ignore:setup.py install is deprecated -W ignore:easy_install command is deprecated setup.py develop --editable --build-directory /home/saeed/work1/colcon_ws/build/my_first_pkg/build --no-deps symlink_data
[2.075s] Level 1:colcon.colcon_core.shell:create_environment_hook('my_first_pkg', 'pythonpath_develop')
[2.076s] INFO:colcon.colcon_core.shell:Creating environment hook '/home/saeed/work1/colcon_ws/build/my_first_pkg/share/my_first_pkg/hook/pythonpath_develop.ps1'
[2.076s] DEBUG:colcon.colcon_core.event_handler.log_command:Invoked command in '/home/saeed/work1/colcon_ws/build/my_first_pkg' returned '0': PYTHONPATH=/home/saeed/work1/colcon_ws/build/my_first_pkg/prefix_override:/usr/lib/python3/dist-packages/colcon_core/task/python/colcon_distutils_commands:/home/saeed/work1/colcon_ws/install/my_first_pkg/lib/python3.10/site-packages:${PYTHONPATH} /usr/bin/python3 -W ignore:setup.py install is deprecated -W ignore:easy_install command is deprecated setup.py develop --editable --build-directory /home/saeed/work1/colcon_ws/build/my_first_pkg/build --no-deps symlink_data
[2.077s] INFO:colcon.colcon_core.shell:Creating environment descriptor '/home/saeed/work1/colcon_ws/build/my_first_pkg/share/my_first_pkg/hook/pythonpath_develop.dsv'
[2.077s] INFO:colcon.colcon_core.shell:Creating environment hook '/home/saeed/work1/colcon_ws/build/my_first_pkg/share/my_first_pkg/hook/pythonpath_develop.sh'
[2.082s] Level 1:colcon.colcon_core.environment:checking '/home/saeed/work1/colcon_ws/install/my_first_pkg' for CMake module files
[2.083s] Level 1:colcon.colcon_core.environment:checking '/home/saeed/work1/colcon_ws/install/my_first_pkg' for CMake config files
[2.085s] Level 1:colcon.colcon_core.environment:checking '/home/saeed/work1/colcon_ws/install/my_first_pkg/lib'
[2.086s] Level 1:colcon.colcon_core.environment:checking '/home/saeed/work1/colcon_ws/install/my_first_pkg/bin'
[2.086s] Level 1:colcon.colcon_core.environment:checking '/home/saeed/work1/colcon_ws/install/my_first_pkg/lib/pkgconfig/my_first_pkg.pc'
[2.086s] Level 1:colcon.colcon_core.environment:checking '/home/saeed/work1/colcon_ws/install/my_first_pkg/lib/python3.10/site-packages'
[2.086s] Level 1:colcon.colcon_core.shell:create_environment_hook('my_first_pkg', 'pythonpath')
[2.087s] INFO:colcon.colcon_core.shell:Creating environment hook '/home/saeed/work1/colcon_ws/install/my_first_pkg/share/my_first_pkg/hook/pythonpath.ps1'
[2.088s] INFO:colcon.colcon_core.shell:Creating environment descriptor '/home/saeed/work1/colcon_ws/install/my_first_pkg/share/my_first_pkg/hook/pythonpath.dsv'
[2.088s] INFO:colcon.colcon_core.shell:Creating environment hook '/home/saeed/work1/colcon_ws/install/my_first_pkg/share/my_first_pkg/hook/pythonpath.sh'
[2.089s] Level 1:colcon.colcon_core.environment:checking '/home/saeed/work1/colcon_ws/install/my_first_pkg/bin'
[2.089s] Level 1:colcon.colcon_core.environment:create_environment_scripts_only(my_first_pkg)
[2.090s] INFO:colcon.colcon_core.shell:Creating package script '/home/saeed/work1/colcon_ws/install/my_first_pkg/share/my_first_pkg/package.ps1'
[2.092s] INFO:colcon.colcon_core.shell:Creating package descriptor '/home/saeed/work1/colcon_ws/install/my_first_pkg/share/my_first_pkg/package.dsv'
[2.093s] INFO:colcon.colcon_core.shell:Creating package script '/home/saeed/work1/colcon_ws/install/my_first_pkg/share/my_first_pkg/package.sh'
[2.095s] INFO:colcon.colcon_core.shell:Creating package script '/home/saeed/work1/colcon_ws/install/my_first_pkg/share/my_first_pkg/package.bash'
[2.096s] INFO:colcon.colcon_core.shell:Creating package script '/home/saeed/work1/colcon_ws/install/my_first_pkg/share/my_first_pkg/package.zsh'
[2.097s] Level 1:colcon.colcon_core.environment:create_file_with_runtime_dependencies(/home/saeed/work1/colcon_ws/install/my_first_pkg/share/colcon-core/packages/my_first_pkg)
[2.097s] DEBUG:colcon.colcon_parallel_executor.executor.parallel:closing loop
[2.097s] DEBUG:colcon.colcon_parallel_executor.executor.parallel:loop closed
[2.097s] DEBUG:colcon.colcon_parallel_executor.executor.parallel:run_until_complete finished with '0'
[2.097s] DEBUG:colcon.colcon_core.event_reactor:joining thread
[2.107s] INFO:colcon.colcon_core.plugin_system:Skipping extension 'colcon_notification.desktop_notification.terminal_notifier': Not used on non-Darwin systems
[2.107s] INFO:colcon.colcon_core.plugin_system:Skipping extension 'colcon_notification.desktop_notification.win32': Not used on non-Windows systems
[2.107s] INFO:colcon.colcon_notification.desktop_notification:Sending desktop notification using 'notify2'
[2.120s] DEBUG:colcon.colcon_core.event_reactor:joined thread
[2.121s] INFO:colcon.colcon_core.shell:Creating prefix script '/home/saeed/work1/colcon_ws/install/local_setup.ps1'
[2.122s] INFO:colcon.colcon_core.shell:Creating prefix util module '/home/saeed/work1/colcon_ws/install/_local_setup_util_ps1.py'
[2.123s] INFO:colcon.colcon_core.shell:Creating prefix chain script '/home/saeed/work1/colcon_ws/install/setup.ps1'
[2.125s] INFO:colcon.colcon_core.shell:Creating prefix script '/home/saeed/work1/colcon_ws/install/local_setup.sh'
[2.126s] INFO:colcon.colcon_core.shell:Creating prefix util module '/home/saeed/work1/colcon_ws/install/_local_setup_util_sh.py'
[2.126s] INFO:colcon.colcon_core.shell:Creating prefix chain script '/home/saeed/work1/colcon_ws/install/setup.sh'
[2.127s] INFO:colcon.colcon_core.shell:Creating prefix script '/home/saeed/work1/colcon_ws/install/local_setup.bash'
[2.128s] INFO:colcon.colcon_core.shell:Creating prefix chain script '/home/saeed/work1/colcon_ws/install/setup.bash'
[2.129s] INFO:colcon.colcon_core.shell:Creating prefix script '/home/saeed/work1/colcon_ws/install/local_setup.zsh'
[2.130s] INFO:colcon.colcon_core.shell:Creating prefix chain script '/home/saeed/work1/colcon_ws/install/setup.zsh'
